# JRE version: Java(TM) SE Runtime Environment (8.0_66-b17) (build 1.8.0_66-b17)
# Java VM: Java HotSpot(TM) 64-Bit Server VM (25.66-b17 mixed mode linux-amd64 compressed oops)
Heap:
 PSYoungGen      total 333312K, used 24250K [0x000000076ab00000, 0x0000000787c80000, 0x00000007c0000000)
  eden space 328704K, 6% used [0x000000076ab00000,0x000000076be6cd10,0x000000077ec00000)
  from space 4608K, 94% used [0x0000000787800000,0x0000000787c41bb0,0x0000000787c80000)
  to   space 8192K, 0% used [0x0000000786c80000,0x0000000786c80000,0x0000000787480000)
 ParOldGen       total 257024K, used 116559K [0x00000006c0000000, 0x00000006cfb00000, 0x000000076ab00000)
  object space 257024K, 45% used [0x00000006c0000000,0x00000006c71d3ea8,0x00000006cfb00000)
 Metaspace       used 113572K, capacity 122718K, committed 123136K, reserved 1153024K
  class space    used 15806K, capacity 18552K, committed 18688K, reserved 1048576K
GC Heap History (10 events):
Event: 128449,903 GC heap before
{Heap before GC invocations=3298 (full 1644):
 PSYoungGen      total 394752K, used 394650K [0x000000076ab00000, 0x0000000788f80000, 0x00000007c0000000)
  eden space 390144K, 100% used [0x000000076ab00000,0x0000000782800000,0x0000000782800000)
  from space 4608K, 97% used [0x0000000788300000,0x0000000788766a78,0x0000000788780000)
  to   space 8192K, 0% used [0x0000000788780000,0x0000000788780000,0x0000000788f80000)
 ParOldGen       total 257024K, used 116559K [0x00000006c0000000, 0x00000006cfb00000, 0x000000076ab00000)
  object space 257024K, 45% used [0x00000006c0000000,0x00000006c71d3ea8,0x00000006cfb00000)
 Metaspace       used 113252K, capacity 122464K, committed 122880K, reserved 1153024K
  class space    used 15760K, capacity 18511K, committed 18688K, reserved 1048576K
Event: 128449,915 GC heap after
Heap after GC invocations=3298 (full 1644):
 PSYoungGen      total 381952K, used 4794K [0x000000076ab00000, 0x0000000788c80000, 0x00000007c0000000)
  eden space 376832K, 0% used [0x000000076ab00000,0x000000076ab00000,0x0000000781b00000)
  from space 5120K, 93% used [0x0000000788780000,0x0000000788c2ea78,0x0000000788c80000)
  to   space 9216K, 0% used [0x0000000787a80000,0x0000000787a80000,0x0000000788380000)
 ParOldGen       total 257024K, used 116559K [0x00000006c0000000, 0x00000006cfb00000, 0x000000076ab00000)
  object space 257024K, 45% used [0x00000006c0000000,0x00000006c71d3ea8,0x00000006cfb00000)
 Metaspace       used 113252K, capacity 122464K, committed 122880K, reserved 1153024K
  class space    used 15760K, capacity 18511K, committed 18688K, reserved 1048576K
}
Event: 128657,065 GC heap before
{Heap before GC invocations=3299 (full 1644):
 PSYoungGen      total 381952K, used 381626K [0x000000076ab00000, 0x0000000788c80000, 0x00000007c0000000)
  eden space 376832K, 100% used [0x000000076ab00000,0x0000000781b00000,0x0000000781b00000)
  from space 5120K, 93% used [0x0000000788780000,0x0000000788c2ea78,0x0000000788c80000)
  to   space 9216K, 0% used [0x0000000787a80000,0x0000000787a80000,0x0000000788380000)
 ParOldGen       total 257024K, used 116559K [0x00000006c0000000, 0x00000006cfb00000, 0x000000076ab00000)
  object space 257024K, 45% used [0x00000006c0000000,0x00000006c71d3ea8,0x00000006cfb00000)
 Metaspace       used 113262K, capacity 122464K, committed 122880K, reserved 1153024K
  class space    used 15760K, capacity 18511K, committed 18688K, reserved 1048576K
Event: 128657,075 GC heap after
Heap after GC invocations=3299 (full 1644):
 PSYoungGen      total 368640K, used 4274K [0x000000076ab00000, 0x0000000788800000, 0x00000007c0000000)
  eden space 364032K, 0% used [0x000000076ab00000,0x000000076ab00000,0x0000000780e80000)
  from space 4608K, 92% used [0x0000000787a80000,0x0000000787eac8c0,0x0000000787f00000)
  to   space 8704K, 0% used [0x0000000787f80000,0x0000000787f80000,0x0000000788800000)
 ParOldGen       total 257024K, used 116559K [0x00000006c0000000, 0x00000006cfb00000, 0x000000076ab00000)
  object space 257024K, 45% used [0x00000006c0000000,0x00000006c71d3ea8,0x00000006cfb00000)
 Metaspace       used 113262K, capacity 122464K, committed 122880K, reserved 1153024K
  class space    used 15760K, capacity 18511K, committed 18688K, reserved 1048576K
}
Event: 129302,803 GC heap before
{Heap before GC invocations=3300 (full 1644):
 PSYoungGen      total 368640K, used 368306K [0x000000076ab00000, 0x0000000788800000, 0x00000007c0000000)
  eden space 364032K, 100% used [0x000000076ab00000,0x0000000780e80000,0x0000000780e80000)
  from space 4608K, 92% used [0x0000000787a80000,0x0000000787eac8c0,0x0000000787f00000)
  to   space 8704K, 0% used [0x0000000787f80000,0x0000000787f80000,0x0000000788800000)
 ParOldGen       total 257024K, used 116559K [0x00000006c0000000, 0x00000006cfb00000, 0x000000076ab00000)
  object space 257024K, 45% used [0x00000006c0000000,0x00000006c71d3ea8,0x00000006cfb00000)
 Metaspace       used 113296K, capacity 122464K, committed 122880K, reserved 1153024K
  class space    used 15760K, capacity 18511K, committed 18688K, reserved 1048576K
Event: 129302,813 GC heap after
Heap after GC invocations=3300 (full 1644):
 PSYoungGen      total 356352K, used 4538K [0x000000076ab00000, 0x0000000788400000, 0x00000007c0000000)
  eden space 351744K, 0% used [0x000000076ab00000,0x000000076ab00000,0x0000000780280000)
  from space 4608K, 98% used [0x0000000787f80000,0x00000007883eea78,0x0000000788400000)
  to   space 8704K, 0% used [0x0000000787300000,0x0000000787300000,0x0000000787b80000)
 ParOldGen       total 257024K, used 116559K [0x00000006c0000000, 0x00000006cfb00000, 0x000000076ab00000)
  object space 257024K, 45% used [0x00000006c0000000,0x00000006c71d3ea8,0x00000006cfb00000)
 Metaspace       used 113296K, capacity 122464K, committed 122880K, reserved 1153024K
  class space    used 15760K, capacity 18511K, committed 18688K, reserved 1048576K
}
Event: 129486,749 GC heap before
{Heap before GC invocations=3301 (full 1644):
 PSYoungGen      total 356352K, used 356282K [0x000000076ab00000, 0x0000000788400000, 0x00000007c0000000)
  eden space 351744K, 100% used [0x000000076ab00000,0x0000000780280000,0x0000000780280000)
  from space 4608K, 98% used [0x0000000787f80000,0x00000007883eea78,0x0000000788400000)
  to   space 8704K, 0% used [0x0000000787300000,0x0000000787300000,0x0000000787b80000)
 ParOldGen       total 257024K, used 116559K [0x00000006c0000000, 0x00000006cfb00000, 0x000000076ab00000)
  object space 257024K, 45% used [0x00000006c0000000,0x00000006c71d3ea8,0x00000006cfb00000)
 Metaspace       used 113301K, capacity 122464K, committed 122880K, reserved 1153024K
  class space    used 15760K, capacity 18511K, committed 18688K, reserved 1048576K
Event: 129486,784 GC heap after
Heap after GC invocations=3301 (full 1644):
 PSYoungGen      total 344064K, used 3942K [0x000000076ab00000, 0x0000000788000000, 0x00000007c0000000)
  eden space 339968K, 0% used [0x000000076ab00000,0x000000076ab00000,0x000000077f700000)
  from space 4096K, 96% used [0x0000000787300000,0x00000007876d9bb0,0x0000000787700000)
  to   space 8192K, 0% used [0x0000000787800000,0x0000000787800000,0x0000000788000000)
 ParOldGen       total 257024K, used 116559K [0x00000006c0000000, 0x00000006cfb00000, 0x000000076ab00000)
  object space 257024K, 45% used [0x00000006c0000000,0x00000006c71d3ea8,0x00000006cfb00000)
 Metaspace       used 113301K, capacity 122464K, committed 122880K, reserved 1153024K
  class space    used 15760K, capacity 18511K, committed 18688K, reserved 1048576K
}
Event: 129679,748 GC heap before
{Heap before GC invocations=3302 (full 1644):
 PSYoungGen      total 344064K, used 343910K [0x000000076ab00000, 0x0000000788000000, 0x00000007c0000000)
  eden space 339968K, 100% used [0x000000076ab00000,0x000000077f700000,0x000000077f700000)
  from space 4096K, 96% used [0x0000000787300000,0x00000007876d9bb0,0x0000000787700000)
  to   space 8192K, 0% used [0x0000000787800000,0x0000000787800000,0x0000000788000000)
 ParOldGen       total 257024K, used 116559K [0x00000006c0000000, 0x00000006cfb00000, 0x000000076ab00000)
  object space 257024K, 45% used [0x00000006c0000000,0x00000006c71d3ea8,0x00000006cfb00000)
 Metaspace       used 113321K, capacity 122470K, committed 122880K, reserved 1153024K
  class space    used 15761K, capacity 18512K, committed 18688K, reserved 1048576K
Event: 129679,757 GC heap after
Heap after GC invocations=3302 (full 1644):
 PSYoungGen      total 333312K, used 4358K [0x000000076ab00000, 0x0000000787c80000, 0x00000007c0000000)
  eden space 328704K, 0% used [0x000000076ab00000,0x000000076ab00000,0x000000077ec00000)
  from space 4608K, 94% used [0x0000000787800000,0x0000000787c41bb0,0x0000000787c80000)
  to   space 8192K, 0% used [0x0000000786c80000,0x0000000786c80000,0x0000000787480000)
 ParOldGen       total 257024K, used 116559K [0x00000006c0000000, 0x00000006cfb00000, 0x000000076ab00000)
  object space 257024K, 45% used [0x00000006c0000000,0x00000006c71d3ea8,0x00000006cfb00000)
 Metaspace       used 113321K, capacity 122470K, committed 122880K, reserved 1153024K
  class space    used 15761K, capacity 18512K, committed 18688K, reserved 1048576K
}

